<?xml version="1.0" encoding="UTF-8"?>
<testsuite name="challenge.SubmitTest" tests="6" skipped="0" failures="0" errors="0" timestamp="2019-01-21T16:16:55" hostname="DBS-0976" time="4.136">
  <properties/>
  <testcase name="q1" classname="challenge.SubmitTest" time="1.506"/>
  <testcase name="q2" classname="challenge.SubmitTest" time="0.676"/>
  <testcase name="q3" classname="challenge.SubmitTest" time="0.484"/>
  <testcase name="q4" classname="challenge.SubmitTest" time="0.516"/>
  <testcase name="q5" classname="challenge.SubmitTest" time="0.467"/>
  <testcase name="q6" classname="challenge.SubmitTest" time="0.485"/>
  <system-out><![CDATA[]]></system-out>
  <system-err><![CDATA[]]></system-err>
</testsuite>
